<?xml version="1.0" encoding="UTF-8"?>
<!-- Generated by org.testng.reporters.JUnitReportReporter -->
<testsuite hostname="LAPTOP-N04AR20A" name="TestNGConcepts.MultipleBrowserParallel" tests="1" failures="0" timestamp="9 Oct 2019 01:19:38 GMT" time="17.096" errors="0">
  <testcase name="googleTitle" time="17.096" classname="TestNGConcepts.MultipleBrowserParallel"/>
</testsuite> <!-- TestNGConcepts.MultipleBrowserParallel -->
