<?xml version="1.0" encoding="UTF-8"?>
<!-- Generated by org.testng.reporters.JUnitReportReporter -->
<testsuite hostname="LAPTOP-N04AR20A" name="TestNGConcepts.AnnotationsOrder" tests="3" failures="0" timestamp="1 Oct 2019 01:13:44 GMT" time="0.013" errors="0">
  <testcase name="PageLogo" time="0.007" classname="TestNGConcepts.AnnotationsOrder"/>
  <testcase name="SearchProduct" time="0.004" classname="TestNGConcepts.AnnotationsOrder"/>
  <testcase name="PageTitle" time="0.002" classname="TestNGConcepts.AnnotationsOrder"/>
</testsuite> <!-- TestNGConcepts.AnnotationsOrder -->
