<?xml version="1.0" encoding="UTF-8"?>
<!-- Generated by org.testng.reporters.JUnitReportReporter -->
<testsuite hostname="LAPTOP-N04AR20A" name="TestNGConcepts.DataProviderDemo" tests="4" failures="0" timestamp="10 Oct 2019 16:18:36 GMT" time="35.651" errors="0">
  <testcase name="test1" time="7.832" classname="TestNGConcepts.DataProviderDemo"/>
  <testcase name="test1" time="8.389" classname="TestNGConcepts.DataProviderDemo"/>
  <testcase name="test1" time="8.383" classname="TestNGConcepts.DataProviderDemo"/>
  <testcase name="test1" time="11.047" classname="TestNGConcepts.DataProviderDemo"/>
</testsuite> <!-- TestNGConcepts.DataProviderDemo -->
