<?xml version="1.0" encoding="UTF-8"?>
<!-- Generated by org.testng.reporters.JUnitReportReporter -->
<testsuite hostname="LAPTOP-N04AR20A" name="TestNGConcepts.Priority" tests="3" failures="0" timestamp="1 Oct 2019 01:30:04 GMT" time="44.562" errors="0">
  <testcase name="Gmail" time="14.429" classname="TestNGConcepts.Priority"/>
  <testcase name="PageTitle" time="15.734" classname="TestNGConcepts.Priority"/>
  <testcase name="PageLogo" time="14.399" classname="TestNGConcepts.Priority"/>
</testsuite> <!-- TestNGConcepts.Priority -->
