<?xml version="1.0" encoding="UTF-8"?>
<!-- Generated by org.testng.reporters.JUnitReportReporter -->
<testsuite hostname="LAPTOP-N04AR20A" name="TestNGConcepts.Grouping" tests="5" failures="0" timestamp="3 Oct 2019 01:33:10 GMT" time="0.016" errors="0">
  <testcase name="test3" time="0.000" classname="TestNGConcepts.Grouping"/>
  <testcase name="test5" time="0.001" classname="TestNGConcepts.Grouping"/>
  <testcase name="test1" time="0.012" classname="TestNGConcepts.Grouping"/>
  <testcase name="test4" time="0.001" classname="TestNGConcepts.Grouping"/>
  <testcase name="test2" time="0.002" classname="TestNGConcepts.Grouping"/>
</testsuite> <!-- TestNGConcepts.Grouping -->
