<?xml version="1.0" encoding="UTF-8"?>
<!-- Generated by org.testng.reporters.JUnitReportReporter -->
<testsuite hostname="LAPTOP-N04AR20A" name="TestNGConcepts.IgnoreDemo" tests="4" failures="0" timestamp="4 Oct 2019 01:38:47 GMT" time="0.015" errors="0">
  <testcase name="test4" time="0.002" classname="TestNGConcepts.IgnoreDemo"/>
  <testcase name="test2" time="0.001" classname="TestNGConcepts.IgnoreDemo"/>
  <testcase name="test3" time="0.001" classname="TestNGConcepts.IgnoreDemo"/>
  <testcase name="test1" time="0.011" classname="TestNGConcepts.IgnoreDemo"/>
</testsuite> <!-- TestNGConcepts.IgnoreDemo -->
