<?xml version="1.0" encoding="UTF-8"?>
<!-- Generated by org.testng.reporters.JUnitReportReporter -->
<testsuite hostname="LAPTOP-N04AR20A" name="TestNGConcepts.IgnoreAnnotation" tests="4" failures="0" timestamp="4 Oct 2019 01:37:45 GMT" time="0.017" errors="0">
  <testcase name="test4" time="0.001" classname="TestNGConcepts.IgnoreAnnotation"/>
  <testcase name="test2" time="0.001" classname="TestNGConcepts.IgnoreAnnotation"/>
  <testcase name="test3" time="0.001" classname="TestNGConcepts.IgnoreAnnotation"/>
  <testcase name="test1" time="0.014" classname="TestNGConcepts.IgnoreAnnotation"/>
</testsuite> <!-- TestNGConcepts.IgnoreAnnotation -->
